<?xml version="1.0" encoding="UTF-8"?>
<testng-results ignored="0" total="1" passed="1" failed="0" skipped="0">
  <reporter-output>
  </reporter-output>
  <suite started-at="2024-03-29T14:51:35 IST" name="Default suite" finished-at="2024-03-29T14:51:38 IST" duration-ms="2840">
    <groups>
    </groups>
    <test started-at="2024-03-29T14:51:35 IST" name="Default test" finished-at="2024-03-29T14:51:38 IST" duration-ms="2840">
      <class name="excel.ec1">
        <test-method signature="e1()[pri:0, instance:excel.ec1@9225652]" started-at="2024-03-29T14:51:35 IST" name="e1" finished-at="2024-03-29T14:51:38 IST" duration-ms="2706" status="PASS">
          <reporter-output>
          </reporter-output>
        </test-method> <!-- e1 -->
      </class> <!-- excel.ec1 -->
    </test> <!-- Default test -->
  </suite> <!-- Default suite -->
</testng-results>
